
<!DOCTYPE html>
<html>


<head>
	<meta charset='UTF-8' /> 
	<meta name='description' content='' />
	<meta name='robots' content='noodp, noydir' />
	<meta name='viewport' content='width=device-width, initial-scale=1' />
	<meta id="timeStampFormat" name="timeStampFormat" content='MMM d, yyyy hh:mm:ss a'/>
	
	<link href='https://fonts.googleapis.com/css?family=Source+Sans+Pro:400,600' rel='stylesheet' type='text/css'>
	<link href="https://fonts.googleapis.com/icon?family=Material+Icons" rel="stylesheet">

		<link href='https://cdn.rawgit.com/anshooarora/extentreports-java/b4a58fcfd1e137bd9287244035a7c80d3d73b3af/dist/css/extent.css' type='text/css' rel='stylesheet' />
	
	<title>TutorialsNinja - Cucumber Framework</title>

	<style type='text/css'>
			
            

      
        
	</style>
</head>

	<body class='extent dark default hide-overflow bdd-report'>
		<div id='theme-selector' alt='Click to toggle theme. To enable by default, use theme configuration.' title='Click to toggle theme. To enable by default, use theme configuration.'>
			<span><i class='material-icons'>desktop_windows</i></span>
		</div>

<nav>
	<div class="nav-wrapper">
		<a href="#!" class="brand-logo blue darken-3">Extent</a>

		<!-- slideout menu -->
		<ul id='slide-out' class='side-nav fixed hide-on-med-and-down'>
			<li class='waves-effect active'><a href='#!' view='test-view' onclick="configureView(0);chartsView('test');"><i class='material-icons'>dashboard</i></a></li>
						<li class='waves-effect'><a href='#!' view='category-view' onclick="configureView(1)"><i class='material-icons'>label_outline</i></a></li>
			<li class='waves-effect'><a href='#!' view='exception-view' onclick="configureView(2)"><i class='material-icons'>bug_report</i></a></li>
			<li class='waves-effect'><a href='#!' onclick="configureView(-1);chartsView('dashboard');" view='dashboard-view'><i class='material-icons'>track_changes</i></i></a></li>
		</ul>

		<!-- report name -->
		<span class='report-name'>Cucumber Report</span>
		
		<!-- report headline -->
		<span class='report-headline'></span>

		<!-- nav-right -->
		<ul id='nav-mobile' class='right hide-on-med-and-down nav-right'>
			<li>
                <a href='#!'>
                    <span class='label suite-start-time blue darken-3'>May 16, 2023 05:33:39 PM</span>
				</a>
			</li>
			<li>
                <a href='#!'>
                    <span class='label blue darken-3'>3.1.2</span>
				</a>
			</li>
		</ul>
	</div>
</nav>

		<!-- container -->
		<div class='container'>

<div id='test-view' class='view'>
				
	<section id='controls'>
		<div class='controls grey lighten-4'>
			<!-- test toggle -->
			<div class='chip transparent'>
				<a class='dropdown-button tests-toggle' data-activates='tests-toggle' data-constrainwidth='true' data-beloworigin='true' data-hover='true' href='#'>
					<i class='material-icons'>warning</i> Status
				</a>
				<ul id='tests-toggle' class='dropdown-content'>
											<li status='pass'><a href='#!'>Pass <i class='material-icons green-text'>check_circle</i></a></li>
						<li status='fail'><a href='#!'>Fail <i class='material-icons red-text'>cancel</i></a></li>
						<li status='skip'><a href='#!'>Skip <i class='material-icons cyan-text'>redo</i></a></li>
					<li class='divider'></li>
					<li status='clear' clear='true'><a href='#!'>Clear Filters <i class='material-icons'>clear</i></a></li>
				</ul>
			</div>
			<!-- test toggle -->

			<!-- category toggle -->
			<div class='chip transparent'>
				<a class='dropdown-button category-toggle' data-activates='category-toggle' data-constrainwidth='false' data-beloworigin='true' data-hover='true' href='#'>
					<i class='material-icons'>local_offer</i> Category
				</a>
				<ul id='category-toggle' class='dropdown-content'>
					<li><a href='#'>@sanity</a></li>
					<li><a href='#'>@regression</a></li>
					<li><a href='#'>@smoke</a></li>
					<li><a href='#'>@snaity</a></li>
					<li class='divider'></li>
					<li class='clear'><a href='#!' clear='true'>Clear Filters</a></li>
				</ul>
			</div>
			<!-- category toggle -->

			<!-- clear filters -->
			<div class='chip transparent hide'>
				<a class='' id='clear-filters' alt='Clear Filters' title='Clear Filters'>
					<i class='material-icons'>close</i> Clear
				</a>
			</div>
			<!-- clear filters -->

			<!-- enable dashboard -->
			<div id='toggle-test-view-charts' class='chip transparent'>
				<a class='pink-text' id='enable-dashboard' alt='Enable Dashboard' title='Enable Dashboard'>
					<i class='material-icons'>track_changes</i> Dashboard
				</a>
			</div>
			<!-- enable dashboard -->

			<!-- search -->
			<div class='chip transparent' alt='Search Tests' title='Search Tests'>
				<a href="#" class='search-div'>
					<i class='material-icons'>search</i> Search
				</a>

				<div class='input-field left hide'>
					<input id='search-tests' type='text' class='validate browser-default' placeholder='Search Tests...'>
				</div>
				
			</div>
			<!-- search -->
		</div>
	</section>


<div id='test-view-charts' class='subview-full'>
	<div id='charts-row' class='row nm-v nm-h'>
		<div class='col s12 m4 l4 np-h'>
			<div class='card-panel nm-v'>
				<div class='left panel-name'>Features</div>
				<div class='chart-box'>
					<canvas id='parent-analysis' width='100' height='80'></canvas>
				</div>
				<div class='block text-small'>
					<span class='tooltipped' data-position='top' data-tooltip='20%'><span class='strong'>1</span> feature(s) passed</span>
				</div>
				<div class='block text-small'>
					<span class='strong tooltipped' data-position='top' data-tooltip='80%'>4</span> feature(s) failed, <span class='strong tooltipped' data-position='top' data-tooltip='0%'>0</span> others
				</div>
			</div>
		</div>
		
		<div class='col s12 m4 l4 np-h'>
			<div class='card-panel nm-v'>
				<div class='left panel-name'>Scenarios</div>
				<div class='chart-box'>
					<canvas id='child-analysis' width='100' height='80'></canvas>
				</div>
				<div class='block text-small'>
					<span class='tooltipped' data-position='top' data-tooltip='45.455%'><span class='strong'>5</span> scenario(s) passed</span>
				</div>
				<div class='block text-small'>
					<span class='strong tooltipped' data-position='top' data-tooltip='54.545%'>6</span> scenario(s) failed, <span class='strong tooltipped' data-position='top' data-tooltip='0%'>0</span> others
				</div>
			</div>
		</div>
		
		<div class='col s12 m4 l4 np-h'>
			<div class='card-panel nm-v'>
				<div class='left panel-name'>Steps</div>
				<div class='chart-box'>
					<canvas id='grandchild-analysis' width='100' height='80'></canvas>
				</div>
				<div class='block text-small'>
					<span class='tooltipped' data-position='top' data-tooltip='51.515%'><span class='strong'>51</span> step(s) passed</span>
				</div>
				<div class='block text-small'>
					<span class='strong tooltipped' data-position='top' data-tooltip='6.061%'>6</span> step(s) failed, <span class='strong tooltipped' data-position='top' data-tooltip='42.424%'>42</span> others
				</div>
			</div>
		</div>
	</div>
</div>

	<div class='subview-left left'>
		
		<div class='view-summary'>
			<h5>Features</h5>
			<ul id='test-collection' class='test-collection'>
				
				
				<li class='test displayed active has-leaf fail' status='fail' bdd='true' test-id='1'>
					<div class='test-heading'>
						<span class='test-name'>AccountLogin</span>
						<span class='test-time'>May 16, 2023 05:33:39 PM</span>
						<span class='test-status right fail'>fail</span>
					</div>
					<div class='test-content hide'>
<div class='scenario node' test-id='2' status='fail'>
	<div class='category-list'>
		<span class='category label white-text'>@sanity</span>
		<span class='category label white-text'>@regression</span>
	</div>
	<span class='duration right label'>0h 0m 48s+936ms</span>
	<div class='desc'>
		<b>Scenario</b>
		<span class="desc-text">verify User Should Navigate To LoginPage Successfully</span>
	</div>
	<ul class='steps'>
		<li test-id='3' class='node when pass' status='pass'>
			
			<b>When</b>
			
			<span class="bdd-step-name">When I am On homepage</span>
				<div class='pre'>passed</div>
			
		</li>
		<li test-id='4' class='node and pass' status='pass'>
			
			<b>And</b>
			
			<span class="bdd-step-name">And I can Click on My Account Link.</span>
				<div class='pre'>passed</div>
			
		</li>
		<li test-id='5' class='node and pass' status='pass'>
			
			<b>And</b>
			
			<span class="bdd-step-name">And I can Call the method “selectMyAccountOptions” method and pass the parameter "Login"</span>
				<div class='pre'>passed</div>
			
		</li>
		<li test-id='6' class='node then fail' status='fail'>
			
			<b>Then</b>
			
			<span class="bdd-step-name">Then I can Verify the text “Returning Customer”</span>
			<ul class='screenshots right'>
				<li><a data-featherlight="image" href="C:\Users\bhart\IdeaProjects\com.tutorialsninja-sw-6/src/main/java/com/nopcommerce/demo/screenshots/verify_User_Should_Navigate_To_LoginPage_Successfully20230516053428.png"><i class='material-icons'>panorama</i></a></li>
			</ul>
				<div class='pre'><pre>org.openqa.selenium.NoSuchElementException: no such element: Unable to locate element: {"method":"xpath","selector":"//h2[normalize-space()='Returning Customer']"}
  (Session info: chrome=113.0.5672.93)
For documentation on this error, please visit: https://selenium.dev/exceptions/#no_such_element
Build info: version: '4.9.0', revision: 'd7057100a6'
System info: os.name: 'Windows 10', os.arch: 'amd64', os.version: '10.0', java.version: '1.8.0_121'
Driver info: org.openqa.selenium.chrome.ChromeDriver
Command: [3a7934361ec0593988476383d0229bad, findElement {using=xpath, value=//h2[normalize-space()='Returning Customer']}]
Capabilities {acceptInsecureCerts: false, browserName: chrome, browserVersion: 113.0.5672.93, chrome: {chromedriverVersion: 113.0.5672.63 (0e1a4471d5ae..., userDataDir: C:\Users\bhart\AppData\Loca...}, goog:chromeOptions: {debuggerAddress: localhost:49868}, networkConnectionEnabled: false, pageLoadStrategy: normal, platformName: WINDOWS, proxy: Proxy(), se:cdp: ws://localhost:49868/devtoo..., se:cdpVersion: 113.0.5672.93, setWindowRect: true, strictFileInteractability: false, timeouts: {implicit: 0, pageLoad: 300000, script: 30000}, unhandledPromptBehavior: dismiss and notify, webauthn:extension:credBlob: true, webauthn:extension:largeBlob: true, webauthn:extension:minPinLength: true, webauthn:extension:prf: true, webauthn:virtualAuthenticators: true}
Session ID: 3a7934361ec0593988476383d0229bad
	at sun.reflect.NativeConstructorAccessorImpl.newInstance0(Native Method)
	at sun.reflect.NativeConstructorAccessorImpl.newInstance(NativeConstructorAccessorImpl.java:62)
	at sun.reflect.DelegatingConstructorAccessorImpl.newInstance(DelegatingConstructorAccessorImpl.java:45)
	at java.lang.reflect.Constructor.newInstance(Constructor.java:423)
	at org.openqa.selenium.remote.codec.w3c.W3CHttpResponseCodec.createException(W3CHttpResponseCodec.java:200)
	at org.openqa.selenium.remote.codec.w3c.W3CHttpResponseCodec.decode(W3CHttpResponseCodec.java:133)
	at org.openqa.selenium.remote.codec.w3c.W3CHttpResponseCodec.decode(W3CHttpResponseCodec.java:53)
	at org.openqa.selenium.remote.HttpCommandExecutor.execute(HttpCommandExecutor.java:193)
	at org.openqa.selenium.remote.service.DriverCommandExecutor.invokeExecute(DriverCommandExecutor.java:183)
	at org.openqa.selenium.remote.service.DriverCommandExecutor.execute(DriverCommandExecutor.java:158)
	at org.openqa.selenium.remote.RemoteWebDriver.execute(RemoteWebDriver.java:543)
	at org.openqa.selenium.remote.ElementLocation$ElementFinder$2.findElement(ElementLocation.java:162)
	at org.openqa.selenium.remote.ElementLocation.findElement(ElementLocation.java:60)
	at org.openqa.selenium.remote.RemoteWebDriver.findElement(RemoteWebDriver.java:352)
	at org.openqa.selenium.remote.RemoteWebDriver.findElement(RemoteWebDriver.java:344)
	at org.openqa.selenium.support.pagefactory.DefaultElementLocator.findElement(DefaultElementLocator.java:70)
	at org.openqa.selenium.support.pagefactory.internal.LocatingElementHandler.invoke(LocatingElementHandler.java:39)
	at com.sun.proxy.$Proxy24.getText(Unknown Source)
	at com.tutorialsninja.utility.Utility.getTextFromElement(Utility.java:62)
	at com.tutorialsninja.pages.MyAccountPage.getReturningCustomerText(MyAccountPage.java:51)
	at com.tutorialsninja.steps.AccountLoginSteps.iCanVerifyTheTextReturningCustomer(AccountLoginSteps.java:23)
	at ✽.Then I can Verify the text “Returning Customer”(AccountLoginTest.feature:8)
</pre></div>
			
		</li>
	</ul>
</div>
<div class='scenario node' test-id='7' status='fail'>
	<div class='category-list'>
		<span class='category label white-text'>@smoke</span>
		<span class='category label white-text'>@regression</span>
	</div>
	<span class='duration right label'>0h 0m 46s+43ms</span>
	<div class='desc'>
		<b>Scenario</b>
		<span class="desc-text">verify That User Should Login And Logout Successfully</span>
	</div>
	<ul class='steps'>
		<li test-id='8' class='node when pass' status='pass'>
			
			<b>When</b>
			
			<span class="bdd-step-name">When I am On homepage</span>
				<div class='pre'>passed</div>
			
		</li>
		<li test-id='9' class='node and pass' status='pass'>
			
			<b>And</b>
			
			<span class="bdd-step-name">And I can Click on My Account Link.</span>
				<div class='pre'>passed</div>
			
		</li>
		<li test-id='10' class='node and pass' status='pass'>
			
			<b>And</b>
			
			<span class="bdd-step-name">And I can Call the method “selectMyAccountOptions” method and pass the parameter "login"</span>
				<div class='pre'>passed</div>
			
		</li>
		<li test-id='11' class='node and fail' status='fail'>
			
			<b>And</b>
			
			<span class="bdd-step-name">And I Enter Email address</span>
				<div class='pre'><pre>org.openqa.selenium.NoSuchElementException: no such element: Unable to locate element: {"method":"css selector","selector":"#input\-email"}
  (Session info: chrome=113.0.5672.93)
For documentation on this error, please visit: https://selenium.dev/exceptions/#no_such_element
Build info: version: '4.9.0', revision: 'd7057100a6'
System info: os.name: 'Windows 10', os.arch: 'amd64', os.version: '10.0', java.version: '1.8.0_121'
Driver info: org.openqa.selenium.chrome.ChromeDriver
Command: [26aa71d248ea7a4744896d5164b10630, findElement {using=id, value=input-email}]
Capabilities {acceptInsecureCerts: false, browserName: chrome, browserVersion: 113.0.5672.93, chrome: {chromedriverVersion: 113.0.5672.63 (0e1a4471d5ae..., userDataDir: C:\Users\bhart\AppData\Loca...}, goog:chromeOptions: {debuggerAddress: localhost:49912}, networkConnectionEnabled: false, pageLoadStrategy: normal, platformName: WINDOWS, proxy: Proxy(), se:cdp: ws://localhost:49912/devtoo..., se:cdpVersion: 113.0.5672.93, setWindowRect: true, strictFileInteractability: false, timeouts: {implicit: 0, pageLoad: 300000, script: 30000}, unhandledPromptBehavior: dismiss and notify, webauthn:extension:credBlob: true, webauthn:extension:largeBlob: true, webauthn:extension:minPinLength: true, webauthn:extension:prf: true, webauthn:virtualAuthenticators: true}
Session ID: 26aa71d248ea7a4744896d5164b10630
	at sun.reflect.NativeConstructorAccessorImpl.newInstance0(Native Method)
	at sun.reflect.NativeConstructorAccessorImpl.newInstance(NativeConstructorAccessorImpl.java:62)
	at sun.reflect.DelegatingConstructorAccessorImpl.newInstance(DelegatingConstructorAccessorImpl.java:45)
	at java.lang.reflect.Constructor.newInstance(Constructor.java:423)
	at org.openqa.selenium.remote.codec.w3c.W3CHttpResponseCodec.createException(W3CHttpResponseCodec.java:200)
	at org.openqa.selenium.remote.codec.w3c.W3CHttpResponseCodec.decode(W3CHttpResponseCodec.java:133)
	at org.openqa.selenium.remote.codec.w3c.W3CHttpResponseCodec.decode(W3CHttpResponseCodec.java:53)
	at org.openqa.selenium.remote.HttpCommandExecutor.execute(HttpCommandExecutor.java:193)
	at org.openqa.selenium.remote.service.DriverCommandExecutor.invokeExecute(DriverCommandExecutor.java:183)
	at org.openqa.selenium.remote.service.DriverCommandExecutor.execute(DriverCommandExecutor.java:158)
	at org.openqa.selenium.remote.RemoteWebDriver.execute(RemoteWebDriver.java:543)
	at org.openqa.selenium.remote.ElementLocation$ElementFinder$2.findElement(ElementLocation.java:162)
	at org.openqa.selenium.remote.ElementLocation.findElement(ElementLocation.java:60)
	at org.openqa.selenium.remote.RemoteWebDriver.findElement(RemoteWebDriver.java:352)
	at org.openqa.selenium.remote.RemoteWebDriver.findElement(RemoteWebDriver.java:344)
	at org.openqa.selenium.support.pagefactory.DefaultElementLocator.findElement(DefaultElementLocator.java:70)
	at org.openqa.selenium.support.pagefactory.internal.LocatingElementHandler.invoke(LocatingElementHandler.java:39)
	at com.sun.proxy.$Proxy24.sendKeys(Unknown Source)
	at com.tutorialsninja.utility.Utility.sendTextToElement(Utility.java:73)
	at com.tutorialsninja.pages.MyAccountLoginPage.enterEmailAddress(MyAccountLoginPage.java:40)
	at com.tutorialsninja.steps.AccountLoginSteps.iEnterEmailAddress(AccountLoginSteps.java:30)
	at ✽.And I Enter Email address(AccountLoginTest.feature:14)
</pre></div>
			
		</li>
		<li test-id='12' class='node and skip' status='skip'>
			
			<b>And</b>
			
			<span class="bdd-step-name">And I Enter Password</span>
				<div class='pre'>skipped</div>
			
		</li>
		<li test-id='13' class='node and skip' status='skip'>
			
			<b>And</b>
			
			<span class="bdd-step-name">And I can Click on Login button</span>
				<div class='pre'>skipped</div>
			
		</li>
		<li test-id='14' class='node then skip' status='skip'>
			
			<b>Then</b>
			
			<span class="bdd-step-name">Then I can Verify text “My Account”</span>
				<div class='pre'>skipped</div>
			
		</li>
		<li test-id='15' class='node and skip' status='skip'>
			
			<b>And</b>
			
			<span class="bdd-step-name">And I can Click on My Account Link.</span>
				<div class='pre'>skipped</div>
			
		</li>
		<li test-id='16' class='node and skip' status='skip'>
			
			<b>And</b>
			
			<span class="bdd-step-name">And I can Call the method “selectMyAccountOptions” method and pass the parameter "Logout"</span>
				<div class='pre'>skipped</div>
			
		</li>
		<li test-id='17' class='node then skip' status='skip'>
			
			<b>Then</b>
			
			<span class="bdd-step-name">Then I can Verify the text “Account Logout”</span>
				<div class='pre'>skipped</div>
			
		</li>
		<li test-id='18' class='node and skip' status='skip'>
			
			<b>And</b>
			
			<span class="bdd-step-name">And I can Click on Continue button</span>
			<ul class='screenshots right'>
				<li><a data-featherlight="image" href="C:\Users\bhart\IdeaProjects\com.tutorialsninja-sw-6/src/main/java/com/nopcommerce/demo/screenshots/verify_That_User_Should_Login_And_Logout_Successfully20230516053515.png"><i class='material-icons'>panorama</i></a></li>
			</ul>
				<div class='pre'>skipped</div>
			
		</li>
	</ul>
</div>
					</div>
				</li>
				
				
				<li class='test displayed active has-leaf fail' status='fail' bdd='true' test-id='19'>
					<div class='test-heading'>
						<span class='test-name'>AccountRegister</span>
						<span class='test-time'>May 16, 2023 05:35:16 PM</span>
						<span class='test-status right fail'>fail</span>
					</div>
					<div class='test-content hide'>
<div class='scenario node' test-id='20' status='fail'>
	<div class='category-list'>
		<span class='category label white-text'>@snaity</span>
		<span class='category label white-text'>@regression</span>
	</div>
	<span class='duration right label'>0h 0m 46s+210ms</span>
	<div class='desc'>
		<b>Scenario</b>
		<span class="desc-text">verify User Should Navigate To RegisterPage Successfully</span>
	</div>
	<ul class='steps'>
		<li test-id='21' class='node given pass' status='pass'>
			
			<b>Given</b>
			
			<span class="bdd-step-name">Given I am On homepage</span>
				<div class='pre'>passed</div>
			
		</li>
		<li test-id='22' class='node when pass' status='pass'>
			
			<b>When</b>
			
			<span class="bdd-step-name">When I can Click on My Account Link.</span>
				<div class='pre'>passed</div>
			
		</li>
		<li test-id='23' class='node and pass' status='pass'>
			
			<b>And</b>
			
			<span class="bdd-step-name">And I can Call the method “selectMyAccountOptions” method and pass the parameter Register</span>
				<div class='pre'>passed</div>
			
		</li>
		<li test-id='24' class='node then fail' status='fail'>
			
			<b>Then</b>
			
			<span class="bdd-step-name">Then I can Verify the text “Register Account”</span>
			<ul class='screenshots right'>
				<li><a data-featherlight="image" href="C:\Users\bhart\IdeaProjects\com.tutorialsninja-sw-6/src/main/java/com/nopcommerce/demo/screenshots/verify_User_Should_Navigate_To_RegisterPage_Successfully20230516053602.png"><i class='material-icons'>panorama</i></a></li>
			</ul>
				<div class='pre'><pre>org.openqa.selenium.NoSuchElementException: no such element: Unable to locate element: {"method":"xpath","selector":"//h1[normalize-space()='Register Account']"}
  (Session info: chrome=113.0.5672.93)
For documentation on this error, please visit: https://selenium.dev/exceptions/#no_such_element
Build info: version: '4.9.0', revision: 'd7057100a6'
System info: os.name: 'Windows 10', os.arch: 'amd64', os.version: '10.0', java.version: '1.8.0_121'
Driver info: org.openqa.selenium.chrome.ChromeDriver
Command: [38240ecf3b1fca28aba35a52cd6d3f49, findElement {using=xpath, value=//h1[normalize-space()='Register Account']}]
Capabilities {acceptInsecureCerts: false, browserName: chrome, browserVersion: 113.0.5672.93, chrome: {chromedriverVersion: 113.0.5672.63 (0e1a4471d5ae..., userDataDir: C:\Users\bhart\AppData\Loca...}, goog:chromeOptions: {debuggerAddress: localhost:49958}, networkConnectionEnabled: false, pageLoadStrategy: normal, platformName: WINDOWS, proxy: Proxy(), se:cdp: ws://localhost:49958/devtoo..., se:cdpVersion: 113.0.5672.93, setWindowRect: true, strictFileInteractability: false, timeouts: {implicit: 0, pageLoad: 300000, script: 30000}, unhandledPromptBehavior: dismiss and notify, webauthn:extension:credBlob: true, webauthn:extension:largeBlob: true, webauthn:extension:minPinLength: true, webauthn:extension:prf: true, webauthn:virtualAuthenticators: true}
Session ID: 38240ecf3b1fca28aba35a52cd6d3f49
	at sun.reflect.NativeConstructorAccessorImpl.newInstance0(Native Method)
	at sun.reflect.NativeConstructorAccessorImpl.newInstance(NativeConstructorAccessorImpl.java:62)
	at sun.reflect.DelegatingConstructorAccessorImpl.newInstance(DelegatingConstructorAccessorImpl.java:45)
	at java.lang.reflect.Constructor.newInstance(Constructor.java:423)
	at org.openqa.selenium.remote.codec.w3c.W3CHttpResponseCodec.createException(W3CHttpResponseCodec.java:200)
	at org.openqa.selenium.remote.codec.w3c.W3CHttpResponseCodec.decode(W3CHttpResponseCodec.java:133)
	at org.openqa.selenium.remote.codec.w3c.W3CHttpResponseCodec.decode(W3CHttpResponseCodec.java:53)
	at org.openqa.selenium.remote.HttpCommandExecutor.execute(HttpCommandExecutor.java:193)
	at org.openqa.selenium.remote.service.DriverCommandExecutor.invokeExecute(DriverCommandExecutor.java:183)
	at org.openqa.selenium.remote.service.DriverCommandExecutor.execute(DriverCommandExecutor.java:158)
	at org.openqa.selenium.remote.RemoteWebDriver.execute(RemoteWebDriver.java:543)
	at org.openqa.selenium.remote.ElementLocation$ElementFinder$2.findElement(ElementLocation.java:162)
	at org.openqa.selenium.remote.ElementLocation.findElement(ElementLocation.java:60)
	at org.openqa.selenium.remote.RemoteWebDriver.findElement(RemoteWebDriver.java:352)
	at org.openqa.selenium.remote.RemoteWebDriver.findElement(RemoteWebDriver.java:344)
	at org.openqa.selenium.support.pagefactory.DefaultElementLocator.findElement(DefaultElementLocator.java:70)
	at org.openqa.selenium.support.pagefactory.internal.LocatingElementHandler.invoke(LocatingElementHandler.java:39)
	at com.sun.proxy.$Proxy24.getText(Unknown Source)
	at com.tutorialsninja.utility.Utility.getTextFromElement(Utility.java:62)
	at com.tutorialsninja.pages.MyAccountPage.getRegisterAccountText(MyAccountPage.java:46)
	at com.tutorialsninja.steps.AccountRegisterSteps.iCanVerifyTheTextRegisterAccount(AccountRegisterSteps.java:19)
	at ✽.Then I can Verify the text “Register Account”(AccountRegisterTest.feature:8)
</pre></div>
			
		</li>
	</ul>
</div>
<div class='scenario node' test-id='25' status='fail'>
	<div class='category-list'>
		<span class='category label white-text'>@smoke</span>
		<span class='category label white-text'>@regression</span>
	</div>
	<span class='duration right label'>0h 0m 46s+9ms</span>
	<div class='desc'>
		<b>Scenario</b>
		<span class="desc-text">verify That User RegisterAccount Successfully</span>
	</div>
	<ul class='steps'>
		<li test-id='26' class='node given pass' status='pass'>
			
			<b>Given</b>
			
			<span class="bdd-step-name">Given I am on Register page</span>
				<div class='pre'>passed</div>
			
		</li>
		<li test-id='27' class='node when pass' status='pass'>
			
			<b>When</b>
			
			<span class="bdd-step-name">When I can Click on My Account Link.</span>
				<div class='pre'>passed</div>
			
		</li>
		<li test-id='28' class='node and pass' status='pass'>
			
			<b>And</b>
			
			<span class="bdd-step-name">And I can Call the method “selectMyAccountOptions” method and pass the parameter Register</span>
				<div class='pre'>passed</div>
			
		</li>
		<li test-id='29' class='node and fail' status='fail'>
			
			<b>And</b>
			
			<span class="bdd-step-name">And I Enter First Name</span>
				<div class='pre'><pre>org.openqa.selenium.NoSuchElementException: no such element: Unable to locate element: {"method":"css selector","selector":"*[name='firstname']"}
  (Session info: chrome=113.0.5672.93)
For documentation on this error, please visit: https://selenium.dev/exceptions/#no_such_element
Build info: version: '4.9.0', revision: 'd7057100a6'
System info: os.name: 'Windows 10', os.arch: 'amd64', os.version: '10.0', java.version: '1.8.0_121'
Driver info: org.openqa.selenium.chrome.ChromeDriver
Command: [13988218ec0029569a5e0feb5c09b3b4, findElement {using=name, value=firstname}]
Capabilities {acceptInsecureCerts: false, browserName: chrome, browserVersion: 113.0.5672.93, chrome: {chromedriverVersion: 113.0.5672.63 (0e1a4471d5ae..., userDataDir: C:\Users\bhart\AppData\Loca...}, goog:chromeOptions: {debuggerAddress: localhost:50015}, networkConnectionEnabled: false, pageLoadStrategy: normal, platformName: WINDOWS, proxy: Proxy(), se:cdp: ws://localhost:50015/devtoo..., se:cdpVersion: 113.0.5672.93, setWindowRect: true, strictFileInteractability: false, timeouts: {implicit: 0, pageLoad: 300000, script: 30000}, unhandledPromptBehavior: dismiss and notify, webauthn:extension:credBlob: true, webauthn:extension:largeBlob: true, webauthn:extension:minPinLength: true, webauthn:extension:prf: true, webauthn:virtualAuthenticators: true}
Session ID: 13988218ec0029569a5e0feb5c09b3b4
	at sun.reflect.NativeConstructorAccessorImpl.newInstance0(Native Method)
	at sun.reflect.NativeConstructorAccessorImpl.newInstance(NativeConstructorAccessorImpl.java:62)
	at sun.reflect.DelegatingConstructorAccessorImpl.newInstance(DelegatingConstructorAccessorImpl.java:45)
	at java.lang.reflect.Constructor.newInstance(Constructor.java:423)
	at org.openqa.selenium.remote.codec.w3c.W3CHttpResponseCodec.createException(W3CHttpResponseCodec.java:200)
	at org.openqa.selenium.remote.codec.w3c.W3CHttpResponseCodec.decode(W3CHttpResponseCodec.java:133)
	at org.openqa.selenium.remote.codec.w3c.W3CHttpResponseCodec.decode(W3CHttpResponseCodec.java:53)
	at org.openqa.selenium.remote.HttpCommandExecutor.execute(HttpCommandExecutor.java:193)
	at org.openqa.selenium.remote.service.DriverCommandExecutor.invokeExecute(DriverCommandExecutor.java:183)
	at org.openqa.selenium.remote.service.DriverCommandExecutor.execute(DriverCommandExecutor.java:158)
	at org.openqa.selenium.remote.RemoteWebDriver.execute(RemoteWebDriver.java:543)
	at org.openqa.selenium.remote.ElementLocation$ElementFinder$2.findElement(ElementLocation.java:162)
	at org.openqa.selenium.remote.ElementLocation.findElement(ElementLocation.java:60)
	at org.openqa.selenium.remote.RemoteWebDriver.findElement(RemoteWebDriver.java:352)
	at org.openqa.selenium.remote.RemoteWebDriver.findElement(RemoteWebDriver.java:344)
	at org.openqa.selenium.support.pagefactory.DefaultElementLocator.findElement(DefaultElementLocator.java:70)
	at org.openqa.selenium.support.pagefactory.internal.LocatingElementHandler.invoke(LocatingElementHandler.java:39)
	at com.sun.proxy.$Proxy24.sendKeys(Unknown Source)
	at com.tutorialsninja.utility.Utility.sendTextToElement(Utility.java:73)
	at com.tutorialsninja.pages.MyAccountRegisterPage.enterFirstName(MyAccountRegisterPage.java:75)
	at com.tutorialsninja.steps.AccountRegisterSteps.iEnterFirstName(AccountRegisterSteps.java:31)
	at ✽.And I Enter First Name(AccountRegisterTest.feature:14)
</pre></div>
			
		</li>
		<li test-id='30' class='node and skip' status='skip'>
			
			<b>And</b>
			
			<span class="bdd-step-name">And I Enter Last Name</span>
				<div class='pre'>skipped</div>
			
		</li>
		<li test-id='31' class='node and skip' status='skip'>
			
			<b>And</b>
			
			<span class="bdd-step-name">And I Enter Email</span>
				<div class='pre'>skipped</div>
			
		</li>
		<li test-id='32' class='node and skip' status='skip'>
			
			<b>And</b>
			
			<span class="bdd-step-name">And I Enter Telephone</span>
				<div class='pre'>skipped</div>
			
		</li>
		<li test-id='33' class='node and skip' status='skip'>
			
			<b>And</b>
			
			<span class="bdd-step-name">And I Enter Password</span>
				<div class='pre'>skipped</div>
			
		</li>
		<li test-id='34' class='node and skip' status='skip'>
			
			<b>And</b>
			
			<span class="bdd-step-name">And I Enter Password Confirm</span>
				<div class='pre'>skipped</div>
			
		</li>
		<li test-id='35' class='node and skip' status='skip'>
			
			<b>And</b>
			
			<span class="bdd-step-name">And I can Select Subscribe Yes radio button</span>
				<div class='pre'>skipped</div>
			
		</li>
		<li test-id='36' class='node and skip' status='skip'>
			
			<b>And</b>
			
			<span class="bdd-step-name">And I can Click on Privacy Policy check box</span>
				<div class='pre'>skipped</div>
			
		</li>
		<li test-id='37' class='node and skip' status='skip'>
			
			<b>And</b>
			
			<span class="bdd-step-name">And I can Click on Continue button</span>
				<div class='pre'>skipped</div>
			
		</li>
		<li test-id='38' class='node then skip' status='skip'>
			
			<b>Then</b>
			
			<span class="bdd-step-name">Then I can Verify the message “Your Account Has Been Created!”</span>
				<div class='pre'>skipped</div>
			
		</li>
		<li test-id='39' class='node and skip' status='skip'>
			
			<b>And</b>
			
			<span class="bdd-step-name">And I can Click on Continue button</span>
				<div class='pre'>skipped</div>
			
		</li>
		<li test-id='40' class='node and skip' status='skip'>
			
			<b>And</b>
			
			<span class="bdd-step-name">And I can Click on My Account Link.</span>
				<div class='pre'>skipped</div>
			
		</li>
		<li test-id='41' class='node and skip' status='skip'>
			
			<b>And</b>
			
			<span class="bdd-step-name">And I can Call the method “selectMyAccountOptions” method and pass the parameter "Logout"</span>
				<div class='pre'>skipped</div>
			
		</li>
		<li test-id='42' class='node then skip' status='skip'>
			
			<b>Then</b>
			
			<span class="bdd-step-name">Then I can Verify the text “Account Logout”</span>
				<div class='pre'>skipped</div>
			
		</li>
		<li test-id='43' class='node and skip' status='skip'>
			
			<b>And</b>
			
			<span class="bdd-step-name">And I can Click on Continue button</span>
			<ul class='screenshots right'>
				<li><a data-featherlight="image" href="C:\Users\bhart\IdeaProjects\com.tutorialsninja-sw-6/src/main/java/com/nopcommerce/demo/screenshots/verify_That_User_RegisterAccount_Successfully20230516053649.png"><i class='material-icons'>panorama</i></a></li>
			</ul>
				<div class='pre'>skipped</div>
			
		</li>
	</ul>
</div>
					</div>
				</li>
				
				
				<li class='test displayed active has-leaf fail' status='fail' bdd='true' test-id='44'>
					<div class='test-heading'>
						<span class='test-name'>Desktop Test</span>
						<span class='test-time'>May 16, 2023 05:36:51 PM</span>
						<span class='test-status right fail'>fail</span>
					</div>
					<div class='test-content hide'>
<div class='scenario node' test-id='45' status='pass'>
	<div class='category-list'>
		<span class='category label white-text'>@sanity</span>
		<span class='category label white-text'>@regression</span>
	</div>
	<span class='duration right label'>0h 0m 7s+733ms</span>
	<div class='desc'>
		<b>Scenario</b>
		<span class="desc-text">verify Product Arrange In AlphaBeticalOrder</span>
	</div>
	<ul class='steps'>
		<li test-id='46' class='node given pass' status='pass'>
			
			<b>Given</b>
			
			<span class="bdd-step-name">Given I am On homepage</span>
				<div class='pre'>passed</div>
			
		</li>
		<li test-id='47' class='node and pass' status='pass'>
			
			<b>And</b>
			
			<span class="bdd-step-name">And I can Mouse hover on Desktops Tab and click</span>
				<div class='pre'>passed</div>
			
		</li>
		<li test-id='48' class='node and pass' status='pass'>
			
			<b>And</b>
			
			<span class="bdd-step-name">And I can Click on “Show All Desktops”</span>
				<div class='pre'>passed</div>
			
		</li>
		<li test-id='49' class='node and pass' status='pass'>
			
			<b>And</b>
			
			<span class="bdd-step-name">And I can Select Sort By position "Name: Z to A"</span>
				<div class='pre'>passed</div>
			
		</li>
		<li test-id='50' class='node then pass' status='pass'>
			
			<b>Then</b>
			
			<span class="bdd-step-name">Then I can Verify the Product will arrange in Descending order.</span>
				<div class='pre'>passed</div>
			
		</li>
	</ul>
</div>
<div class='scenario node' test-id='51' status='fail'>
	<div class='category-list'>
		<span class='category label white-text'>@smoke</span>
		<span class='category label white-text'>@regression</span>
	</div>
	<span class='duration right label'>0h 0m 20s+514ms</span>
	<div class='desc'>
		<b>Scenario</b>
		<span class="desc-text">verify Product Added To ShoppingCart SuccessFully</span>
	</div>
	<ul class='steps'>
		<li test-id='52' class='node given pass' status='pass'>
			
			<b>Given</b>
			
			<span class="bdd-step-name">Given I am On homepage</span>
				<div class='pre'>passed</div>
			
		</li>
		<li test-id='53' class='node when pass' status='pass'>
			
			<b>When</b>
			
			<span class="bdd-step-name">When I can Mouse hover on Desktops Tab and click</span>
				<div class='pre'>passed</div>
			
		</li>
		<li test-id='54' class='node and pass' status='pass'>
			
			<b>And</b>
			
			<span class="bdd-step-name">And I can Click on “Show All Desktops”</span>
				<div class='pre'>passed</div>
			
		</li>
		<li test-id='55' class='node and pass' status='pass'>
			
			<b>And</b>
			
			<span class="bdd-step-name">And I can Select Sort By position "Name: A to Z"</span>
				<div class='pre'>passed</div>
			
		</li>
		<li test-id='56' class='node and pass' status='pass'>
			
			<b>And</b>
			
			<span class="bdd-step-name">And I can Select product “HP LP3065”</span>
				<div class='pre'>passed</div>
			
		</li>
		<li test-id='57' class='node and pass' status='pass'>
			
			<b>And</b>
			
			<span class="bdd-step-name">And I can Select Delivery Date "2023-11-30"</span>
				<div class='pre'>passed</div>
			
		</li>
		<li test-id='58' class='node and pass' status='pass'>
			
			<b>And</b>
			
			<span class="bdd-step-name">And I Enter Qty "1” using Select class.</span>
				<div class='pre'>passed</div>
			
		</li>
		<li test-id='59' class='node and pass' status='pass'>
			
			<b>And</b>
			
			<span class="bdd-step-name">And I can Click on “Add to Cart” button</span>
				<div class='pre'>passed</div>
			
		</li>
		<li test-id='60' class='node then fail' status='fail'>
			
			<b>Then</b>
			
			<span class="bdd-step-name">Then I can Verify the Message “Success: You have added HP LP3065 to your shopping cart!”</span>
				<div class='pre'><pre>java.lang.AssertionError: Login page not displayed expected [HP LP3065] but found [Success: You have added HP LP3065 to your shopping cart!]
	at org.testng.Assert.fail(Assert.java:96)
	at org.testng.Assert.failNotEquals(Assert.java:776)
	at org.testng.Assert.assertEqualsImpl(Assert.java:137)
	at org.testng.Assert.assertEquals(Assert.java:118)
	at org.testng.Assert.assertEquals(Assert.java:453)
	at com.tutorialsninja.steps.DesktopSteps.iCanVerifyTheMessageSuccessYouHaveAddedHPLPToYourShoppingCart(DesktopSteps.java:60)
	at ✽.Then I can Verify the Message “Success: You have added HP LP3065 to your shopping cart!”(DesktopTest.feature:22)
</pre></div>
			
		</li>
		<li test-id='61' class='node and skip' status='skip'>
			
			<b>And</b>
			
			<span class="bdd-step-name">And I can Click on link “shopping cart” display into success message</span>
				<div class='pre'>skipped</div>
			
		</li>
		<li test-id='62' class='node then skip' status='skip'>
			
			<b>Then</b>
			
			<span class="bdd-step-name">Then I can Verify the text "Shopping Cart"</span>
				<div class='pre'>skipped</div>
			
		</li>
		<li test-id='63' class='node then skip' status='skip'>
			
			<b>Then</b>
			
			<span class="bdd-step-name">Then I can Verify the Product name "HP LP3065"</span>
				<div class='pre'>skipped</div>
			
		</li>
		<li test-id='64' class='node then skip' status='skip'>
			
			<b>Then</b>
			
			<span class="bdd-step-name">Then I can Verify the Delivery Date "2023-11-30"</span>
				<div class='pre'>skipped</div>
			
		</li>
		<li test-id='65' class='node then skip' status='skip'>
			
			<b>Then</b>
			
			<span class="bdd-step-name">Then I can Verify the Model "Product21"</span>
				<div class='pre'>skipped</div>
			
		</li>
		<li test-id='66' class='node then skip' status='skip'>
			
			<b>Then</b>
			
			<span class="bdd-step-name">Then I can Verify the Todal "£74.73"</span>
			<ul class='screenshots right'>
				<li><a data-featherlight="image" href="C:\Users\bhart\IdeaProjects\com.tutorialsninja-sw-6/src/main/java/com/nopcommerce/demo/screenshots/verify_Product_Added_To_ShoppingCart_SuccessFully20230516053720.png"><i class='material-icons'>panorama</i></a></li>
			</ul>
				<div class='pre'>skipped</div>
			
		</li>
	</ul>
</div>
					</div>
				</li>
				
				
				<li class='test displayed active has-leaf fail' status='fail' bdd='true' test-id='67'>
					<div class='test-heading'>
						<span class='test-name'>Laptops And Notebooks Test</span>
						<span class='test-time'>May 16, 2023 05:37:21 PM</span>
						<span class='test-status right fail'>fail</span>
					</div>
					<div class='test-content hide'>
<div class='scenario node' test-id='68' status='pass'>
	<div class='category-list'>
		<span class='category label white-text'>@sanity</span>
		<span class='category label white-text'>@regression</span>
	</div>
	<span class='duration right label'>0h 0m 7s+8ms</span>
	<div class='desc'>
		<b>Scenario</b>
		<span class="desc-text">verify Products Price Display High To Low Successfully</span>
	</div>
	<ul class='steps'>
		<li test-id='69' class='node given pass' status='pass'>
			
			<b>Given</b>
			
			<span class="bdd-step-name">Given I am On homepage</span>
				<div class='pre'>passed</div>
			
		</li>
		<li test-id='70' class='node when pass' status='pass'>
			
			<b>When</b>
			
			<span class="bdd-step-name">When I can Mouse hover on Laptops & Notebooks Tab and click</span>
				<div class='pre'>passed</div>
			
		</li>
		<li test-id='71' class='node and pass' status='pass'>
			
			<b>And</b>
			
			<span class="bdd-step-name">And I can Click on “Show All Laptops & Notebooks”</span>
				<div class='pre'>passed</div>
			
		</li>
		<li test-id='72' class='node and pass' status='pass'>
			
			<b>And</b>
			
			<span class="bdd-step-name">And I can Select Sort By "Price (High > Low)"</span>
				<div class='pre'>passed</div>
			
		</li>
		<li test-id='73' class='node then pass' status='pass'>
			
			<b>Then</b>
			
			<span class="bdd-step-name">Then I can Verify the Product price will arrange in High to Low order.</span>
				<div class='pre'>passed</div>
			
		</li>
	</ul>
</div>
<div class='scenario node' test-id='74' status='fail'>
	<div class='category-list'>
		<span class='category label white-text'>@smoke</span>
		<span class='category label white-text'>@regression</span>
	</div>
	<span class='duration right label'>0h 0m 10s+591ms</span>
	<div class='desc'>
		<b>Scenario</b>
		<span class="desc-text">verify That User Place Order Successfully</span>
	</div>
	<ul class='steps'>
		<li test-id='75' class='node given pass' status='pass'>
			
			<b>Given</b>
			
			<span class="bdd-step-name">Given I am On homepage</span>
				<div class='pre'>passed</div>
			
		</li>
		<li test-id='76' class='node when pass' status='pass'>
			
			<b>When</b>
			
			<span class="bdd-step-name">When I can Mouse hover on Laptops & Notebooks Tab and click</span>
				<div class='pre'>passed</div>
			
		</li>
		<li test-id='77' class='node and pass' status='pass'>
			
			<b>And</b>
			
			<span class="bdd-step-name">And I can Click on “Show All Laptops & Notebooks”</span>
				<div class='pre'>passed</div>
			
		</li>
		<li test-id='78' class='node and pass' status='pass'>
			
			<b>And</b>
			
			<span class="bdd-step-name">And I can Select Sort By "Price (High > Low)"</span>
				<div class='pre'>passed</div>
			
		</li>
		<li test-id='79' class='node and pass' status='pass'>
			
			<b>And</b>
			
			<span class="bdd-step-name">And I can Select Product “MacBook”</span>
				<div class='pre'>passed</div>
			
		</li>
		<li test-id='80' class='node and pass' status='pass'>
			
			<b>And</b>
			
			<span class="bdd-step-name">And I can Click on ‘Add To Cart’ button</span>
				<div class='pre'>passed</div>
			
		</li>
		<li test-id='81' class='node then pass' status='pass'>
			
			<b>Then</b>
			
			<span class="bdd-step-name">Then I can Verify the message “Success: You have added MacBook to your shopping cart!”</span>
				<div class='pre'>passed</div>
			
		</li>
		<li test-id='82' class='node and pass' status='pass'>
			
			<b>And</b>
			
			<span class="bdd-step-name">And I can Click on link “shopping cart” display into success message</span>
				<div class='pre'>passed</div>
			
		</li>
		<li test-id='83' class='node then pass' status='pass'>
			
			<b>Then</b>
			
			<span class="bdd-step-name">Then I can Verify the text "Shopping Cart"</span>
				<div class='pre'>passed</div>
			
		</li>
		<li test-id='84' class='node then fail' status='fail'>
			
			<b>Then</b>
			
			<span class="bdd-step-name">Then I can Verify the Product name "MacBook"</span>
				<div class='pre'><pre>org.openqa.selenium.InvalidSelectorException: invalid selector: Unable to locate an element with the xpath expression //a[contains(text(),'HP LP3065')])[2] because of the following error:
SyntaxError: Failed to execute 'evaluate' on 'Document': The string '//a[contains(text(),'HP LP3065')])[2]' is not a valid XPath expression.
  (Session info: chrome=113.0.5672.93)
For documentation on this error, please visit: https://selenium.dev/exceptions/#invalid_selector_exception
Build info: version: '4.9.0', revision: 'd7057100a6'
System info: os.name: 'Windows 10', os.arch: 'amd64', os.version: '10.0', java.version: '1.8.0_121'
Driver info: org.openqa.selenium.chrome.ChromeDriver
Command: [e2df548e600703f9ee22dc70b82fe265, findElement {using=xpath, value=//a[contains(text(),'HP LP3065')])[2]}]
Capabilities {acceptInsecureCerts: false, browserName: chrome, browserVersion: 113.0.5672.93, chrome: {chromedriverVersion: 113.0.5672.63 (0e1a4471d5ae..., userDataDir: C:\Users\bhart\AppData\Loca...}, goog:chromeOptions: {debuggerAddress: localhost:50179}, networkConnectionEnabled: false, pageLoadStrategy: normal, platformName: WINDOWS, proxy: Proxy(), se:cdp: ws://localhost:50179/devtoo..., se:cdpVersion: 113.0.5672.93, setWindowRect: true, strictFileInteractability: false, timeouts: {implicit: 0, pageLoad: 300000, script: 30000}, unhandledPromptBehavior: dismiss and notify, webauthn:extension:credBlob: true, webauthn:extension:largeBlob: true, webauthn:extension:minPinLength: true, webauthn:extension:prf: true, webauthn:virtualAuthenticators: true}
Session ID: e2df548e600703f9ee22dc70b82fe265
	at sun.reflect.NativeConstructorAccessorImpl.newInstance0(Native Method)
	at sun.reflect.NativeConstructorAccessorImpl.newInstance(NativeConstructorAccessorImpl.java:62)
	at sun.reflect.DelegatingConstructorAccessorImpl.newInstance(DelegatingConstructorAccessorImpl.java:45)
	at java.lang.reflect.Constructor.newInstance(Constructor.java:423)
	at org.openqa.selenium.remote.codec.w3c.W3CHttpResponseCodec.createException(W3CHttpResponseCodec.java:200)
	at org.openqa.selenium.remote.codec.w3c.W3CHttpResponseCodec.decode(W3CHttpResponseCodec.java:133)
	at org.openqa.selenium.remote.codec.w3c.W3CHttpResponseCodec.decode(W3CHttpResponseCodec.java:53)
	at org.openqa.selenium.remote.HttpCommandExecutor.execute(HttpCommandExecutor.java:193)
	at org.openqa.selenium.remote.service.DriverCommandExecutor.invokeExecute(DriverCommandExecutor.java:183)
	at org.openqa.selenium.remote.service.DriverCommandExecutor.execute(DriverCommandExecutor.java:158)
	at org.openqa.selenium.remote.RemoteWebDriver.execute(RemoteWebDriver.java:543)
	at org.openqa.selenium.remote.ElementLocation$ElementFinder$2.findElement(ElementLocation.java:162)
	at org.openqa.selenium.remote.ElementLocation.findElement(ElementLocation.java:60)
	at org.openqa.selenium.remote.RemoteWebDriver.findElement(RemoteWebDriver.java:352)
	at org.openqa.selenium.remote.RemoteWebDriver.findElement(RemoteWebDriver.java:344)
	at org.openqa.selenium.support.pagefactory.DefaultElementLocator.findElement(DefaultElementLocator.java:70)
	at org.openqa.selenium.support.pagefactory.internal.LocatingElementHandler.invoke(LocatingElementHandler.java:39)
	at com.sun.proxy.$Proxy24.toString(Unknown Source)
	at com.tutorialsninja.pages.DesktopPage.getHPProdcutText(DesktopPage.java:128)
	at com.tutorialsninja.steps.DesktopSteps.iCanVerifyTheProductName(DesktopSteps.java:76)
	at ✽.Then I can Verify the Product name "MacBook"(LaptopsAndNoteBooksTest.feature:22)
</pre></div>
			
		</li>
		<li test-id='85' class='node and skip' status='skip'>
			
			<b>And</b>
			
			<span class="bdd-step-name">And I can Change Quantity "2"</span>
				<div class='pre'>skipped</div>
			
		</li>
		<li test-id='86' class='node and skip' status='skip'>
			
			<b>And</b>
			
			<span class="bdd-step-name">And I can Click on “Update”Tab</span>
				<div class='pre'>skipped</div>
			
		</li>
		<li test-id='87' class='node then skip' status='skip'>
			
			<b>Then</b>
			
			<span class="bdd-step-name">Then I can Verify the message “Success: You have modified your shopping cart!”</span>
				<div class='pre'>skipped</div>
			
		</li>
		<li test-id='88' class='node then skip' status='skip'>
			
			<b>Then</b>
			
			<span class="bdd-step-name">Then I can Verify the Total £737.45</span>
				<div class='pre'>skipped</div>
			
		</li>
		<li test-id='89' class='node and skip' status='skip'>
			
			<b>And</b>
			
			<span class="bdd-step-name">And I can Click on “Checkout” button</span>
				<div class='pre'>skipped</div>
			
		</li>
		<li test-id='90' class='node then skip' status='skip'>
			
			<b>Then</b>
			
			<span class="bdd-step-name">Then I can Verify the text “Checkout”</span>
				<div class='pre'>skipped</div>
			
		</li>
		<li test-id='91' class='node then skip' status='skip'>
			
			<b>Then</b>
			
			<span class="bdd-step-name">Then I can Verify the Text “New Customer”</span>
				<div class='pre'>skipped</div>
			
		</li>
		<li test-id='92' class='node and skip' status='skip'>
			
			<b>And</b>
			
			<span class="bdd-step-name">And I can Click on “Guest Checkout” radio button</span>
				<div class='pre'>skipped</div>
			
		</li>
		<li test-id='93' class='node and skip' status='skip'>
			
			<b>And</b>
			
			<span class="bdd-step-name">And I can Click on “Continue” tab</span>
				<div class='pre'>skipped</div>
			
		</li>
		<li test-id='94' class='node and skip' status='skip'>
			
			<b>And</b>
			
			<span class="bdd-step-name">And I can Fill the mandatory fields</span>
				<div class='pre'>skipped</div>
			
		</li>
		<li test-id='95' class='node and skip' status='skip'>
			
			<b>And</b>
			
			<span class="bdd-step-name">And I can Click on “Continue” Button</span>
				<div class='pre'>undefined</div>
			
		</li>
		<li test-id='96' class='node and skip' status='skip'>
			
			<b>And</b>
			
			<span class="bdd-step-name">And I can Add Comments About your order into text area</span>
				<div class='pre'>skipped</div>
			
		</li>
		<li test-id='97' class='node and skip' status='skip'>
			
			<b>And</b>
			
			<span class="bdd-step-name">And I can Check the Terms & Conditions check box</span>
				<div class='pre'>skipped</div>
			
		</li>
		<li test-id='98' class='node and skip' status='skip'>
			
			<b>And</b>
			
			<span class="bdd-step-name">And I can Click on “Continue” button</span>
				<div class='pre'>skipped</div>
			
		</li>
		<li test-id='99' class='node then skip' status='skip'>
			
			<b>Then</b>
			
			<span class="bdd-step-name">Then I can Verify the message “Warning: Payment method required</span>
			<ul class='screenshots right'>
				<li><a data-featherlight="image" href="C:\Users\bhart\IdeaProjects\com.tutorialsninja-sw-6/src/main/java/com/nopcommerce/demo/screenshots/verify_That_User_Place_Order_Successfully20230516053740.png"><i class='material-icons'>panorama</i></a></li>
			</ul>
				<div class='pre'>skipped</div>
			
		</li>
	</ul>
</div>
					</div>
				</li>
				
				
				<li class='test displayed active has-leaf pass' status='pass' bdd='true' test-id='100'>
					<div class='test-heading'>
						<span class='test-name'>TopMenu</span>
						<span class='test-time'>May 16, 2023 05:37:41 PM</span>
						<span class='test-status right pass'>pass</span>
					</div>
					<div class='test-content hide'>
<div class='scenario node' test-id='101' status='pass'>
	<div class='category-list'>
		<span class='category label white-text'>@sanity</span>
		<span class='category label white-text'>@regression</span>
	</div>
	<span class='duration right label'>0h 0m 6s+593ms</span>
	<div class='desc'>
		<b>Scenario</b>
		<span class="desc-text">verify User Should Navigate To DesktopsPage Successfully</span>
	</div>
	<ul class='steps'>
		<li test-id='102' class='node given pass' status='pass'>
			
			<b>Given</b>
			
			<span class="bdd-step-name">Given I am On homepage</span>
				<div class='pre'>passed</div>
			
		</li>
		<li test-id='103' class='node when pass' status='pass'>
			
			<b>When</b>
			
			<span class="bdd-step-name">When I can Mouse hover on “Desktops” Tab and click</span>
				<div class='pre'>passed</div>
			
		</li>
		<li test-id='104' class='node and pass' status='pass'>
			
			<b>And</b>
			
			<span class="bdd-step-name">And I can call selectMenu method and pass the menu = “Show AllDesktops”</span>
				<div class='pre'>passed</div>
			
		</li>
		<li test-id='105' class='node then pass' status='pass'>
			
			<b>Then</b>
			
			<span class="bdd-step-name">Then I can Verify the text ‘Desktops’</span>
				<div class='pre'>passed</div>
			
		</li>
	</ul>
</div>
<div class='scenario node' test-id='106' status='pass'>
	<div class='category-list'>
		<span class='category label white-text'>@smoke</span>
		<span class='category label white-text'>@regression</span>
	</div>
	<span class='duration right label'>0h 0m 6s+520ms</span>
	<div class='desc'>
		<b>Scenario</b>
		<span class="desc-text">verify User Should Navigate To Laptops And NotebooksPage Successfully</span>
	</div>
	<ul class='steps'>
		<li test-id='107' class='node given pass' status='pass'>
			
			<b>Given</b>
			
			<span class="bdd-step-name">Given I am On homepage</span>
				<div class='pre'>passed</div>
			
		</li>
		<li test-id='108' class='node when pass' status='pass'>
			
			<b>When</b>
			
			<span class="bdd-step-name">When I can Mouse hover on “Laptops & Notebooks” Tab and click</span>
				<div class='pre'>passed</div>
			
		</li>
		<li test-id='109' class='node and pass' status='pass'>
			
			<b>And</b>
			
			<span class="bdd-step-name">And I can call selectMenu method and pass the menu = “Show AllLaptops & Notebooks”</span>
				<div class='pre'>passed</div>
			
		</li>
		<li test-id='110' class='node then pass' status='pass'>
			
			<b>Then</b>
			
			<span class="bdd-step-name">Then I can Verify the text ‘Laptops & Notebooks’</span>
				<div class='pre'>passed</div>
			
		</li>
	</ul>
</div>
<div class='scenario node' test-id='111' status='pass'>
	<div class='category-list'>
		<span class='category label white-text'>@regression</span>
	</div>
	<span class='duration right label'>0h 0m 6s+401ms</span>
	<div class='desc'>
		<b>Scenario</b>
		<span class="desc-text">verify User Should Navigate To ComponentsPage Successfully</span>
	</div>
	<ul class='steps'>
		<li test-id='112' class='node given pass' status='pass'>
			
			<b>Given</b>
			
			<span class="bdd-step-name">Given I am On homepage</span>
				<div class='pre'>passed</div>
			
		</li>
		<li test-id='113' class='node when pass' status='pass'>
			
			<b>When</b>
			
			<span class="bdd-step-name">When I can Mouse hover on “Components” Tab and click</span>
				<div class='pre'>passed</div>
			
		</li>
		<li test-id='114' class='node and pass' status='pass'>
			
			<b>And</b>
			
			<span class="bdd-step-name">And I can call selectMenu method and pass the menu = “Show AllComponents”</span>
				<div class='pre'>passed</div>
			
		</li>
		<li test-id='115' class='node then pass' status='pass'>
			
			<b>Then</b>
			
			<span class="bdd-step-name">Then I can Verify the text ‘Components’</span>
				<div class='pre'>passed</div>
			
		</li>
	</ul>
</div>
					</div>
				</li>
			</ul>
		</div>
	</div>
	<!-- subview left -->

	<div class='subview-right left'>
		<div class='view-summary'>
			<h5 class='test-name'></h5>

			<div id='step-filters' class="right">
				<span class="blue-text" status="info" alt="info" title="info"><i class="material-icons">info_outline</i></span>
				<span class="green-text" status="pass" alt="pass" title="pass"><i class="material-icons">check_circle</i></span>
				<span class="red-text" status="fail" alt="fail" title="fail"><i class="material-icons">cancel</i></span>
				<span class="red-text text-darken-4" status="fatal" alt="fatal" title="fatal"><i class="material-icons">cancel</i></span>
				<span class="pink-text text-lighten-1" status="error" alt="error" title="error"><i class="material-icons">error</i></span>
				<span class="orange-text" alt="warning" status="warning" title="warning"><i class="material-icons">warning</i></span>
				<span class="teal-text" status="skip" alt="skip" title="skip"><i class="material-icons">redo</i></span>
				<span status="clear" alt="Clear filters" title="Clear filters"><i class="material-icons">clear</i></span>
			</div>
		</div>
	</div>
	<!-- subview right -->

</div>
<!-- test view -->
<div id='category-view' class='view hide'>

	<section id='controls'>
		<div class='controls grey lighten-4'>
			<!-- search -->
			<div class='chip transparent' alt='Search Tests' title='Search Tests'>
				<a href="#" class='search-div'>
					<i class='material-icons'>search</i> Search
				</a>
				
				<div class='input-field left hide'>
					<input id='search-tests' type='text' class='validate browser-default' placeholder='Search Tests...'>
				</div>
				
			</div>
			<!-- search -->
		</div>
	</section>

	<div class='subview-left left'>
		
		<div class='view-summary'>
			<h5>Categories</h3>
			<ul id='category-collection' class='category-collection'>
				
				<li class='category displayed active'>
					<div class='category-heading'>
						<span class='category-name'>@sanity</span>
						<span class='category-status right'>
							<span class='label pass'>3</span>
							<span class='label fail'>1</span>
						</span>
					</div>
					<div class='category-content hide'>
						<div class='category-status-counts'>
							<span class='label green accent-4 white-text'>Passed: 3</span>
							<span class='label red lighten-1 white-text'>Failed: 1</span>
							
						</div>
					
						<div class='category-tests'>
							<table class='bordered table-results'>
								<thead>
									<tr>
										<th>Timestamp</th>
										<th>TestName</th>
										<th>Status</th>
									</tr>
								</thead>
								<tbody>
									<tr>
										<td>May 16, 2023 05:33:39 PM</td>
										<td class='linked' test-id='2'>AccountLogin.verify User Should Navigate To LoginPage Successfully</td>
										<td><span class='test-status fail'>fail</span></td>
									</tr>
									<tr>
										<td>May 16, 2023 05:36:51 PM</td>
										<td class='linked' test-id='45'>Desktop Test.verify Product Arrange In AlphaBeticalOrder</td>
										<td><span class='test-status pass'>pass</span></td>
									</tr>
									<tr>
										<td>May 16, 2023 05:37:21 PM</td>
										<td class='linked' test-id='68'>Laptops And Notebooks Test.verify Products Price Display High To Low Successfully</td>
										<td><span class='test-status pass'>pass</span></td>
									</tr>
									<tr>
										<td>May 16, 2023 05:37:41 PM</td>
										<td class='linked' test-id='101'>TopMenu.verify User Should Navigate To DesktopsPage Successfully</td>
										<td><span class='test-status pass'>pass</span></td>
									</tr>
								</tbody>
							</table>
						</div>
					</div>
				</li>
				<li class='category displayed active'>
					<div class='category-heading'>
						<span class='category-name'>@regression</span>
						<span class='category-status right'>
							<span class='label pass'>5</span>
							<span class='label fail'>6</span>
						</span>
					</div>
					<div class='category-content hide'>
						<div class='category-status-counts'>
							<span class='label green accent-4 white-text'>Passed: 5</span>
							<span class='label red lighten-1 white-text'>Failed: 6</span>
							
						</div>
					
						<div class='category-tests'>
							<table class='bordered table-results'>
								<thead>
									<tr>
										<th>Timestamp</th>
										<th>TestName</th>
										<th>Status</th>
									</tr>
								</thead>
								<tbody>
									<tr>
										<td>May 16, 2023 05:33:39 PM</td>
										<td class='linked' test-id='2'>AccountLogin.verify User Should Navigate To LoginPage Successfully</td>
										<td><span class='test-status fail'>fail</span></td>
									</tr>
									<tr>
										<td>May 16, 2023 05:34:29 PM</td>
										<td class='linked' test-id='7'>AccountLogin.verify That User Should Login And Logout Successfully</td>
										<td><span class='test-status fail'>fail</span></td>
									</tr>
									<tr>
										<td>May 16, 2023 05:35:16 PM</td>
										<td class='linked' test-id='20'>AccountRegister.verify User Should Navigate To RegisterPage Successfully</td>
										<td><span class='test-status fail'>fail</span></td>
									</tr>
									<tr>
										<td>May 16, 2023 05:36:03 PM</td>
										<td class='linked' test-id='25'>AccountRegister.verify That User RegisterAccount Successfully</td>
										<td><span class='test-status fail'>fail</span></td>
									</tr>
									<tr>
										<td>May 16, 2023 05:36:51 PM</td>
										<td class='linked' test-id='45'>Desktop Test.verify Product Arrange In AlphaBeticalOrder</td>
										<td><span class='test-status pass'>pass</span></td>
									</tr>
									<tr>
										<td>May 16, 2023 05:36:59 PM</td>
										<td class='linked' test-id='51'>Desktop Test.verify Product Added To ShoppingCart SuccessFully</td>
										<td><span class='test-status fail'>fail</span></td>
									</tr>
									<tr>
										<td>May 16, 2023 05:37:21 PM</td>
										<td class='linked' test-id='68'>Laptops And Notebooks Test.verify Products Price Display High To Low Successfully</td>
										<td><span class='test-status pass'>pass</span></td>
									</tr>
									<tr>
										<td>May 16, 2023 05:37:29 PM</td>
										<td class='linked' test-id='74'>Laptops And Notebooks Test.verify That User Place Order Successfully</td>
										<td><span class='test-status fail'>fail</span></td>
									</tr>
									<tr>
										<td>May 16, 2023 05:37:41 PM</td>
										<td class='linked' test-id='101'>TopMenu.verify User Should Navigate To DesktopsPage Successfully</td>
										<td><span class='test-status pass'>pass</span></td>
									</tr>
									<tr>
										<td>May 16, 2023 05:37:48 PM</td>
										<td class='linked' test-id='106'>TopMenu.verify User Should Navigate To Laptops And NotebooksPage Successfully</td>
										<td><span class='test-status pass'>pass</span></td>
									</tr>
									<tr>
										<td>May 16, 2023 05:37:55 PM</td>
										<td class='linked' test-id='111'>TopMenu.verify User Should Navigate To ComponentsPage Successfully</td>
										<td><span class='test-status pass'>pass</span></td>
									</tr>
								</tbody>
							</table>
						</div>
					</div>
				</li>
				<li class='category displayed active'>
					<div class='category-heading'>
						<span class='category-name'>@smoke</span>
						<span class='category-status right'>
							<span class='label pass'>1</span>
							<span class='label fail'>4</span>
						</span>
					</div>
					<div class='category-content hide'>
						<div class='category-status-counts'>
							<span class='label green accent-4 white-text'>Passed: 1</span>
							<span class='label red lighten-1 white-text'>Failed: 4</span>
							
						</div>
					
						<div class='category-tests'>
							<table class='bordered table-results'>
								<thead>
									<tr>
										<th>Timestamp</th>
										<th>TestName</th>
										<th>Status</th>
									</tr>
								</thead>
								<tbody>
									<tr>
										<td>May 16, 2023 05:34:29 PM</td>
										<td class='linked' test-id='7'>AccountLogin.verify That User Should Login And Logout Successfully</td>
										<td><span class='test-status fail'>fail</span></td>
									</tr>
									<tr>
										<td>May 16, 2023 05:36:03 PM</td>
										<td class='linked' test-id='25'>AccountRegister.verify That User RegisterAccount Successfully</td>
										<td><span class='test-status fail'>fail</span></td>
									</tr>
									<tr>
										<td>May 16, 2023 05:36:59 PM</td>
										<td class='linked' test-id='51'>Desktop Test.verify Product Added To ShoppingCart SuccessFully</td>
										<td><span class='test-status fail'>fail</span></td>
									</tr>
									<tr>
										<td>May 16, 2023 05:37:29 PM</td>
										<td class='linked' test-id='74'>Laptops And Notebooks Test.verify That User Place Order Successfully</td>
										<td><span class='test-status fail'>fail</span></td>
									</tr>
									<tr>
										<td>May 16, 2023 05:37:48 PM</td>
										<td class='linked' test-id='106'>TopMenu.verify User Should Navigate To Laptops And NotebooksPage Successfully</td>
										<td><span class='test-status pass'>pass</span></td>
									</tr>
								</tbody>
							</table>
						</div>
					</div>
				</li>
				<li class='category displayed active'>
					<div class='category-heading'>
						<span class='category-name'>@snaity</span>
						<span class='category-status right'>
							<span class='label fail'>1</span>
						</span>
					</div>
					<div class='category-content hide'>
						<div class='category-status-counts'>
							
							<span class='label red lighten-1 white-text'>Failed: 1</span>
							
						</div>
					
						<div class='category-tests'>
							<table class='bordered table-results'>
								<thead>
									<tr>
										<th>Timestamp</th>
										<th>TestName</th>
										<th>Status</th>
									</tr>
								</thead>
								<tbody>
									<tr>
										<td>May 16, 2023 05:35:16 PM</td>
										<td class='linked' test-id='20'>AccountRegister.verify User Should Navigate To RegisterPage Successfully</td>
										<td><span class='test-status fail'>fail</span></td>
									</tr>
								</tbody>
							</table>
						</div>
					</div>
				</li>

			</ul>
		</div>
	</div>

	<div class='subview-right left'>
		<div class='view-summary'>
			<h5 class='category-name'></h5>
		</div>
	</div>
</div>
<!-- category view -->
<div id='exception-view' class='view hide'>

    <section id='controls'>
        <div class='controls grey lighten-4'>
            <!-- search -->
            <div class='chip transparent' alt='Search Tests' title='Search Tests'>
                <a href="#" class='search-div'>
                    <i class='material-icons'>search</i> Search
                </a>

                <div class='input-field left hide'>
                    <input id='search-tests' type='text' class='validate browser-default' placeholder='Search Tests...'>
                </div>

            </div>
            <!-- search -->
        </div>
    </section>

    <div class='subview-left left'>

        <div class='view-summary'>
            <h5>Exceptions</h3>
                <ul id='exception-collection' class='exception-collection'>

                        <li class='exception displayed active'>
                            <div class='exception-heading'>
                                <span class='exception-name'>org.openqa.selenium.NoSuchElementException</span>
                                <span class='exception-count right'><span class='label red lighten-1 white-text'>4</span></span>
                            </div>
                            <div class='exception-content hide'>
                                <div class='exception-tests'>
                                    <table class='bordered table-results'>
                                        <thead>
                                        <tr>
                                            <th>Timestamp</th>
                                            <th>TestName</th>
                                            <th>Status</th>
                                        </tr>
                                        </thead>
                                        <tbody>
                                                    <tr>
                                                        <td>May 16, 2023 05:33:48 PM</td>
                                                        <td class='linked' test-id='6'>AccountLogin.verify User Should Navigate To LoginPage Successfully.Then I can Verify the text “Returning Customer”</td>
                                                        <td><pre><pre>org.openqa.selenium.NoSuchElementException: no such element: Unable to locate element: {"method":"xpath","selector":"//h2[normalize-space()='Returning Customer']"}
  (Session info: chrome=113.0.5672.93)
For documentation on this error, please visit: https://selenium.dev/exceptions/#no_such_element
Build info: version: '4.9.0', revision: 'd7057100a6'
System info: os.name: 'Windows 10', os.arch: 'amd64', os.version: '10.0', java.version: '1.8.0_121'
Driver info: org.openqa.selenium.chrome.ChromeDriver
Command: [3a7934361ec0593988476383d0229bad, findElement {using=xpath, value=//h2[normalize-space()='Returning Customer']}]
Capabilities {acceptInsecureCerts: false, browserName: chrome, browserVersion: 113.0.5672.93, chrome: {chromedriverVersion: 113.0.5672.63 (0e1a4471d5ae..., userDataDir: C:\Users\bhart\AppData\Loca...}, goog:chromeOptions: {debuggerAddress: localhost:49868}, networkConnectionEnabled: false, pageLoadStrategy: normal, platformName: WINDOWS, proxy: Proxy(), se:cdp: ws://localhost:49868/devtoo..., se:cdpVersion: 113.0.5672.93, setWindowRect: true, strictFileInteractability: false, timeouts: {implicit: 0, pageLoad: 300000, script: 30000}, unhandledPromptBehavior: dismiss and notify, webauthn:extension:credBlob: true, webauthn:extension:largeBlob: true, webauthn:extension:minPinLength: true, webauthn:extension:prf: true, webauthn:virtualAuthenticators: true}
Session ID: 3a7934361ec0593988476383d0229bad
	at sun.reflect.NativeConstructorAccessorImpl.newInstance0(Native Method)
	at sun.reflect.NativeConstructorAccessorImpl.newInstance(NativeConstructorAccessorImpl.java:62)
	at sun.reflect.DelegatingConstructorAccessorImpl.newInstance(DelegatingConstructorAccessorImpl.java:45)
	at java.lang.reflect.Constructor.newInstance(Constructor.java:423)
	at org.openqa.selenium.remote.codec.w3c.W3CHttpResponseCodec.createException(W3CHttpResponseCodec.java:200)
	at org.openqa.selenium.remote.codec.w3c.W3CHttpResponseCodec.decode(W3CHttpResponseCodec.java:133)
	at org.openqa.selenium.remote.codec.w3c.W3CHttpResponseCodec.decode(W3CHttpResponseCodec.java:53)
	at org.openqa.selenium.remote.HttpCommandExecutor.execute(HttpCommandExecutor.java:193)
	at org.openqa.selenium.remote.service.DriverCommandExecutor.invokeExecute(DriverCommandExecutor.java:183)
	at org.openqa.selenium.remote.service.DriverCommandExecutor.execute(DriverCommandExecutor.java:158)
	at org.openqa.selenium.remote.RemoteWebDriver.execute(RemoteWebDriver.java:543)
	at org.openqa.selenium.remote.ElementLocation$ElementFinder$2.findElement(ElementLocation.java:162)
	at org.openqa.selenium.remote.ElementLocation.findElement(ElementLocation.java:60)
	at org.openqa.selenium.remote.RemoteWebDriver.findElement(RemoteWebDriver.java:352)
	at org.openqa.selenium.remote.RemoteWebDriver.findElement(RemoteWebDriver.java:344)
	at org.openqa.selenium.support.pagefactory.DefaultElementLocator.findElement(DefaultElementLocator.java:70)
	at org.openqa.selenium.support.pagefactory.internal.LocatingElementHandler.invoke(LocatingElementHandler.java:39)
	at com.sun.proxy.$Proxy24.getText(Unknown Source)
	at com.tutorialsninja.utility.Utility.getTextFromElement(Utility.java:62)
	at com.tutorialsninja.pages.MyAccountPage.getReturningCustomerText(MyAccountPage.java:51)
	at com.tutorialsninja.steps.AccountLoginSteps.iCanVerifyTheTextReturningCustomer(AccountLoginSteps.java:23)
	at ✽.Then I can Verify the text “Returning Customer”(AccountLoginTest.feature:8)
</pre></pre></td>
                                                    </tr>
                                                    <tr>
                                                        <td>May 16, 2023 05:34:35 PM</td>
                                                        <td class='linked' test-id='11'>AccountLogin.verify That User Should Login And Logout Successfully.And I Enter Email address</td>
                                                        <td><pre><pre>org.openqa.selenium.NoSuchElementException: no such element: Unable to locate element: {"method":"css selector","selector":"#input\-email"}
  (Session info: chrome=113.0.5672.93)
For documentation on this error, please visit: https://selenium.dev/exceptions/#no_such_element
Build info: version: '4.9.0', revision: 'd7057100a6'
System info: os.name: 'Windows 10', os.arch: 'amd64', os.version: '10.0', java.version: '1.8.0_121'
Driver info: org.openqa.selenium.chrome.ChromeDriver
Command: [26aa71d248ea7a4744896d5164b10630, findElement {using=id, value=input-email}]
Capabilities {acceptInsecureCerts: false, browserName: chrome, browserVersion: 113.0.5672.93, chrome: {chromedriverVersion: 113.0.5672.63 (0e1a4471d5ae..., userDataDir: C:\Users\bhart\AppData\Loca...}, goog:chromeOptions: {debuggerAddress: localhost:49912}, networkConnectionEnabled: false, pageLoadStrategy: normal, platformName: WINDOWS, proxy: Proxy(), se:cdp: ws://localhost:49912/devtoo..., se:cdpVersion: 113.0.5672.93, setWindowRect: true, strictFileInteractability: false, timeouts: {implicit: 0, pageLoad: 300000, script: 30000}, unhandledPromptBehavior: dismiss and notify, webauthn:extension:credBlob: true, webauthn:extension:largeBlob: true, webauthn:extension:minPinLength: true, webauthn:extension:prf: true, webauthn:virtualAuthenticators: true}
Session ID: 26aa71d248ea7a4744896d5164b10630
	at sun.reflect.NativeConstructorAccessorImpl.newInstance0(Native Method)
	at sun.reflect.NativeConstructorAccessorImpl.newInstance(NativeConstructorAccessorImpl.java:62)
	at sun.reflect.DelegatingConstructorAccessorImpl.newInstance(DelegatingConstructorAccessorImpl.java:45)
	at java.lang.reflect.Constructor.newInstance(Constructor.java:423)
	at org.openqa.selenium.remote.codec.w3c.W3CHttpResponseCodec.createException(W3CHttpResponseCodec.java:200)
	at org.openqa.selenium.remote.codec.w3c.W3CHttpResponseCodec.decode(W3CHttpResponseCodec.java:133)
	at org.openqa.selenium.remote.codec.w3c.W3CHttpResponseCodec.decode(W3CHttpResponseCodec.java:53)
	at org.openqa.selenium.remote.HttpCommandExecutor.execute(HttpCommandExecutor.java:193)
	at org.openqa.selenium.remote.service.DriverCommandExecutor.invokeExecute(DriverCommandExecutor.java:183)
	at org.openqa.selenium.remote.service.DriverCommandExecutor.execute(DriverCommandExecutor.java:158)
	at org.openqa.selenium.remote.RemoteWebDriver.execute(RemoteWebDriver.java:543)
	at org.openqa.selenium.remote.ElementLocation$ElementFinder$2.findElement(ElementLocation.java:162)
	at org.openqa.selenium.remote.ElementLocation.findElement(ElementLocation.java:60)
	at org.openqa.selenium.remote.RemoteWebDriver.findElement(RemoteWebDriver.java:352)
	at org.openqa.selenium.remote.RemoteWebDriver.findElement(RemoteWebDriver.java:344)
	at org.openqa.selenium.support.pagefactory.DefaultElementLocator.findElement(DefaultElementLocator.java:70)
	at org.openqa.selenium.support.pagefactory.internal.LocatingElementHandler.invoke(LocatingElementHandler.java:39)
	at com.sun.proxy.$Proxy24.sendKeys(Unknown Source)
	at com.tutorialsninja.utility.Utility.sendTextToElement(Utility.java:73)
	at com.tutorialsninja.pages.MyAccountLoginPage.enterEmailAddress(MyAccountLoginPage.java:40)
	at com.tutorialsninja.steps.AccountLoginSteps.iEnterEmailAddress(AccountLoginSteps.java:30)
	at ✽.And I Enter Email address(AccountLoginTest.feature:14)
</pre></pre></td>
                                                    </tr>
                                                    <tr>
                                                        <td>May 16, 2023 05:35:22 PM</td>
                                                        <td class='linked' test-id='24'>AccountRegister.verify User Should Navigate To RegisterPage Successfully.Then I can Verify the text “Register Account”</td>
                                                        <td><pre><pre>org.openqa.selenium.NoSuchElementException: no such element: Unable to locate element: {"method":"xpath","selector":"//h1[normalize-space()='Register Account']"}
  (Session info: chrome=113.0.5672.93)
For documentation on this error, please visit: https://selenium.dev/exceptions/#no_such_element
Build info: version: '4.9.0', revision: 'd7057100a6'
System info: os.name: 'Windows 10', os.arch: 'amd64', os.version: '10.0', java.version: '1.8.0_121'
Driver info: org.openqa.selenium.chrome.ChromeDriver
Command: [38240ecf3b1fca28aba35a52cd6d3f49, findElement {using=xpath, value=//h1[normalize-space()='Register Account']}]
Capabilities {acceptInsecureCerts: false, browserName: chrome, browserVersion: 113.0.5672.93, chrome: {chromedriverVersion: 113.0.5672.63 (0e1a4471d5ae..., userDataDir: C:\Users\bhart\AppData\Loca...}, goog:chromeOptions: {debuggerAddress: localhost:49958}, networkConnectionEnabled: false, pageLoadStrategy: normal, platformName: WINDOWS, proxy: Proxy(), se:cdp: ws://localhost:49958/devtoo..., se:cdpVersion: 113.0.5672.93, setWindowRect: true, strictFileInteractability: false, timeouts: {implicit: 0, pageLoad: 300000, script: 30000}, unhandledPromptBehavior: dismiss and notify, webauthn:extension:credBlob: true, webauthn:extension:largeBlob: true, webauthn:extension:minPinLength: true, webauthn:extension:prf: true, webauthn:virtualAuthenticators: true}
Session ID: 38240ecf3b1fca28aba35a52cd6d3f49
	at sun.reflect.NativeConstructorAccessorImpl.newInstance0(Native Method)
	at sun.reflect.NativeConstructorAccessorImpl.newInstance(NativeConstructorAccessorImpl.java:62)
	at sun.reflect.DelegatingConstructorAccessorImpl.newInstance(DelegatingConstructorAccessorImpl.java:45)
	at java.lang.reflect.Constructor.newInstance(Constructor.java:423)
	at org.openqa.selenium.remote.codec.w3c.W3CHttpResponseCodec.createException(W3CHttpResponseCodec.java:200)
	at org.openqa.selenium.remote.codec.w3c.W3CHttpResponseCodec.decode(W3CHttpResponseCodec.java:133)
	at org.openqa.selenium.remote.codec.w3c.W3CHttpResponseCodec.decode(W3CHttpResponseCodec.java:53)
	at org.openqa.selenium.remote.HttpCommandExecutor.execute(HttpCommandExecutor.java:193)
	at org.openqa.selenium.remote.service.DriverCommandExecutor.invokeExecute(DriverCommandExecutor.java:183)
	at org.openqa.selenium.remote.service.DriverCommandExecutor.execute(DriverCommandExecutor.java:158)
	at org.openqa.selenium.remote.RemoteWebDriver.execute(RemoteWebDriver.java:543)
	at org.openqa.selenium.remote.ElementLocation$ElementFinder$2.findElement(ElementLocation.java:162)
	at org.openqa.selenium.remote.ElementLocation.findElement(ElementLocation.java:60)
	at org.openqa.selenium.remote.RemoteWebDriver.findElement(RemoteWebDriver.java:352)
	at org.openqa.selenium.remote.RemoteWebDriver.findElement(RemoteWebDriver.java:344)
	at org.openqa.selenium.support.pagefactory.DefaultElementLocator.findElement(DefaultElementLocator.java:70)
	at org.openqa.selenium.support.pagefactory.internal.LocatingElementHandler.invoke(LocatingElementHandler.java:39)
	at com.sun.proxy.$Proxy24.getText(Unknown Source)
	at com.tutorialsninja.utility.Utility.getTextFromElement(Utility.java:62)
	at com.tutorialsninja.pages.MyAccountPage.getRegisterAccountText(MyAccountPage.java:46)
	at com.tutorialsninja.steps.AccountRegisterSteps.iCanVerifyTheTextRegisterAccount(AccountRegisterSteps.java:19)
	at ✽.Then I can Verify the text “Register Account”(AccountRegisterTest.feature:8)
</pre></pre></td>
                                                    </tr>
                                                    <tr>
                                                        <td>May 16, 2023 05:36:09 PM</td>
                                                        <td class='linked' test-id='29'>AccountRegister.verify That User RegisterAccount Successfully.And I Enter First Name</td>
                                                        <td><pre><pre>org.openqa.selenium.NoSuchElementException: no such element: Unable to locate element: {"method":"css selector","selector":"*[name='firstname']"}
  (Session info: chrome=113.0.5672.93)
For documentation on this error, please visit: https://selenium.dev/exceptions/#no_such_element
Build info: version: '4.9.0', revision: 'd7057100a6'
System info: os.name: 'Windows 10', os.arch: 'amd64', os.version: '10.0', java.version: '1.8.0_121'
Driver info: org.openqa.selenium.chrome.ChromeDriver
Command: [13988218ec0029569a5e0feb5c09b3b4, findElement {using=name, value=firstname}]
Capabilities {acceptInsecureCerts: false, browserName: chrome, browserVersion: 113.0.5672.93, chrome: {chromedriverVersion: 113.0.5672.63 (0e1a4471d5ae..., userDataDir: C:\Users\bhart\AppData\Loca...}, goog:chromeOptions: {debuggerAddress: localhost:50015}, networkConnectionEnabled: false, pageLoadStrategy: normal, platformName: WINDOWS, proxy: Proxy(), se:cdp: ws://localhost:50015/devtoo..., se:cdpVersion: 113.0.5672.93, setWindowRect: true, strictFileInteractability: false, timeouts: {implicit: 0, pageLoad: 300000, script: 30000}, unhandledPromptBehavior: dismiss and notify, webauthn:extension:credBlob: true, webauthn:extension:largeBlob: true, webauthn:extension:minPinLength: true, webauthn:extension:prf: true, webauthn:virtualAuthenticators: true}
Session ID: 13988218ec0029569a5e0feb5c09b3b4
	at sun.reflect.NativeConstructorAccessorImpl.newInstance0(Native Method)
	at sun.reflect.NativeConstructorAccessorImpl.newInstance(NativeConstructorAccessorImpl.java:62)
	at sun.reflect.DelegatingConstructorAccessorImpl.newInstance(DelegatingConstructorAccessorImpl.java:45)
	at java.lang.reflect.Constructor.newInstance(Constructor.java:423)
	at org.openqa.selenium.remote.codec.w3c.W3CHttpResponseCodec.createException(W3CHttpResponseCodec.java:200)
	at org.openqa.selenium.remote.codec.w3c.W3CHttpResponseCodec.decode(W3CHttpResponseCodec.java:133)
	at org.openqa.selenium.remote.codec.w3c.W3CHttpResponseCodec.decode(W3CHttpResponseCodec.java:53)
	at org.openqa.selenium.remote.HttpCommandExecutor.execute(HttpCommandExecutor.java:193)
	at org.openqa.selenium.remote.service.DriverCommandExecutor.invokeExecute(DriverCommandExecutor.java:183)
	at org.openqa.selenium.remote.service.DriverCommandExecutor.execute(DriverCommandExecutor.java:158)
	at org.openqa.selenium.remote.RemoteWebDriver.execute(RemoteWebDriver.java:543)
	at org.openqa.selenium.remote.ElementLocation$ElementFinder$2.findElement(ElementLocation.java:162)
	at org.openqa.selenium.remote.ElementLocation.findElement(ElementLocation.java:60)
	at org.openqa.selenium.remote.RemoteWebDriver.findElement(RemoteWebDriver.java:352)
	at org.openqa.selenium.remote.RemoteWebDriver.findElement(RemoteWebDriver.java:344)
	at org.openqa.selenium.support.pagefactory.DefaultElementLocator.findElement(DefaultElementLocator.java:70)
	at org.openqa.selenium.support.pagefactory.internal.LocatingElementHandler.invoke(LocatingElementHandler.java:39)
	at com.sun.proxy.$Proxy24.sendKeys(Unknown Source)
	at com.tutorialsninja.utility.Utility.sendTextToElement(Utility.java:73)
	at com.tutorialsninja.pages.MyAccountRegisterPage.enterFirstName(MyAccountRegisterPage.java:75)
	at com.tutorialsninja.steps.AccountRegisterSteps.iEnterFirstName(AccountRegisterSteps.java:31)
	at ✽.And I Enter First Name(AccountRegisterTest.feature:14)
</pre></pre></td>
                                                    </tr>
                                        </tbody>
                                    </table>
                                </div>
                            </div>
                        </li>
                        <li class='exception displayed active'>
                            <div class='exception-heading'>
                                <span class='exception-name'>java.lang.AssertionError</span>
                                <span class='exception-count right'><span class='label red lighten-1 white-text'>1</span></span>
                            </div>
                            <div class='exception-content hide'>
                                <div class='exception-tests'>
                                    <table class='bordered table-results'>
                                        <thead>
                                        <tr>
                                            <th>Timestamp</th>
                                            <th>TestName</th>
                                            <th>Status</th>
                                        </tr>
                                        </thead>
                                        <tbody>
                                                    <tr>
                                                        <td>May 16, 2023 05:37:20 PM</td>
                                                        <td class='linked' test-id='60'>Desktop Test.verify Product Added To ShoppingCart SuccessFully.Then I can Verify the Message “Success: You have added HP LP3065 to your shopping cart!”</td>
                                                        <td><pre><pre>java.lang.AssertionError: Login page not displayed expected [HP LP3065] but found [Success: You have added HP LP3065 to your shopping cart!]
	at org.testng.Assert.fail(Assert.java:96)
	at org.testng.Assert.failNotEquals(Assert.java:776)
	at org.testng.Assert.assertEqualsImpl(Assert.java:137)
	at org.testng.Assert.assertEquals(Assert.java:118)
	at org.testng.Assert.assertEquals(Assert.java:453)
	at com.tutorialsninja.steps.DesktopSteps.iCanVerifyTheMessageSuccessYouHaveAddedHPLPToYourShoppingCart(DesktopSteps.java:60)
	at ✽.Then I can Verify the Message “Success: You have added HP LP3065 to your shopping cart!”(DesktopTest.feature:22)
</pre></pre></td>
                                                    </tr>
                                        </tbody>
                                    </table>
                                </div>
                            </div>
                        </li>
                        <li class='exception displayed active'>
                            <div class='exception-heading'>
                                <span class='exception-name'>org.openqa.selenium.InvalidSelectorException</span>
                                <span class='exception-count right'><span class='label red lighten-1 white-text'>1</span></span>
                            </div>
                            <div class='exception-content hide'>
                                <div class='exception-tests'>
                                    <table class='bordered table-results'>
                                        <thead>
                                        <tr>
                                            <th>Timestamp</th>
                                            <th>TestName</th>
                                            <th>Status</th>
                                        </tr>
                                        </thead>
                                        <tbody>
                                                    <tr>
                                                        <td>May 16, 2023 05:37:40 PM</td>
                                                        <td class='linked' test-id='84'>Laptops And Notebooks Test.verify That User Place Order Successfully.Then I can Verify the Product name "MacBook"</td>
                                                        <td><pre><pre>org.openqa.selenium.InvalidSelectorException: invalid selector: Unable to locate an element with the xpath expression //a[contains(text(),'HP LP3065')])[2] because of the following error:
SyntaxError: Failed to execute 'evaluate' on 'Document': The string '//a[contains(text(),'HP LP3065')])[2]' is not a valid XPath expression.
  (Session info: chrome=113.0.5672.93)
For documentation on this error, please visit: https://selenium.dev/exceptions/#invalid_selector_exception
Build info: version: '4.9.0', revision: 'd7057100a6'
System info: os.name: 'Windows 10', os.arch: 'amd64', os.version: '10.0', java.version: '1.8.0_121'
Driver info: org.openqa.selenium.chrome.ChromeDriver
Command: [e2df548e600703f9ee22dc70b82fe265, findElement {using=xpath, value=//a[contains(text(),'HP LP3065')])[2]}]
Capabilities {acceptInsecureCerts: false, browserName: chrome, browserVersion: 113.0.5672.93, chrome: {chromedriverVersion: 113.0.5672.63 (0e1a4471d5ae..., userDataDir: C:\Users\bhart\AppData\Loca...}, goog:chromeOptions: {debuggerAddress: localhost:50179}, networkConnectionEnabled: false, pageLoadStrategy: normal, platformName: WINDOWS, proxy: Proxy(), se:cdp: ws://localhost:50179/devtoo..., se:cdpVersion: 113.0.5672.93, setWindowRect: true, strictFileInteractability: false, timeouts: {implicit: 0, pageLoad: 300000, script: 30000}, unhandledPromptBehavior: dismiss and notify, webauthn:extension:credBlob: true, webauthn:extension:largeBlob: true, webauthn:extension:minPinLength: true, webauthn:extension:prf: true, webauthn:virtualAuthenticators: true}
Session ID: e2df548e600703f9ee22dc70b82fe265
	at sun.reflect.NativeConstructorAccessorImpl.newInstance0(Native Method)
	at sun.reflect.NativeConstructorAccessorImpl.newInstance(NativeConstructorAccessorImpl.java:62)
	at sun.reflect.DelegatingConstructorAccessorImpl.newInstance(DelegatingConstructorAccessorImpl.java:45)
	at java.lang.reflect.Constructor.newInstance(Constructor.java:423)
	at org.openqa.selenium.remote.codec.w3c.W3CHttpResponseCodec.createException(W3CHttpResponseCodec.java:200)
	at org.openqa.selenium.remote.codec.w3c.W3CHttpResponseCodec.decode(W3CHttpResponseCodec.java:133)
	at org.openqa.selenium.remote.codec.w3c.W3CHttpResponseCodec.decode(W3CHttpResponseCodec.java:53)
	at org.openqa.selenium.remote.HttpCommandExecutor.execute(HttpCommandExecutor.java:193)
	at org.openqa.selenium.remote.service.DriverCommandExecutor.invokeExecute(DriverCommandExecutor.java:183)
	at org.openqa.selenium.remote.service.DriverCommandExecutor.execute(DriverCommandExecutor.java:158)
	at org.openqa.selenium.remote.RemoteWebDriver.execute(RemoteWebDriver.java:543)
	at org.openqa.selenium.remote.ElementLocation$ElementFinder$2.findElement(ElementLocation.java:162)
	at org.openqa.selenium.remote.ElementLocation.findElement(ElementLocation.java:60)
	at org.openqa.selenium.remote.RemoteWebDriver.findElement(RemoteWebDriver.java:352)
	at org.openqa.selenium.remote.RemoteWebDriver.findElement(RemoteWebDriver.java:344)
	at org.openqa.selenium.support.pagefactory.DefaultElementLocator.findElement(DefaultElementLocator.java:70)
	at org.openqa.selenium.support.pagefactory.internal.LocatingElementHandler.invoke(LocatingElementHandler.java:39)
	at com.sun.proxy.$Proxy24.toString(Unknown Source)
	at com.tutorialsninja.pages.DesktopPage.getHPProdcutText(DesktopPage.java:128)
	at com.tutorialsninja.steps.DesktopSteps.iCanVerifyTheProductName(DesktopSteps.java:76)
	at ✽.Then I can Verify the Product name "MacBook"(LaptopsAndNoteBooksTest.feature:22)
</pre></pre></td>
                                                    </tr>
                                        </tbody>
                                    </table>
                                </div>
                            </div>
                        </li>
                </ul>
        </div>
    </div>

    <div class='subview-right left'>
        <div class='view-summary'>
            <h5 class='exception-name'></h5>
        </div>
    </div>
</div>
<!-- exception view -->
<div id='dashboard-view' class='view hide'>
	<div class='card-panel transparent np-v'>
		<h5>Dashboard</h5>

		<div class='row'>
			<div class='col s2'>
				<div class='card-panel r'>
					Features
					<div class='panel-lead'>5</div>
				</div>
			</div>
			<div class='col s2'>
				<div class='card-panel r'>
					Scenarios
					<div class='panel-lead'>11</div>
				</div>
			</div>
			<div class='col s2'>
				<div class='card-panel r'>
					Steps
					<div class='panel-lead'>99</div>
				</div>
			</div>
			<div class='col s2'>
				<div class='card-panel r'>
					Start
					<div class='panel-lead'>May 16, 2023 05:33:39 PM</div>
				</div>
			</div>
			<div class='col s2'>
				<div class='card-panel r'>
			 		End
			 		<div class='panel-lead'>May 16, 2023 05:38:03 PM</div>
				</div>
			</div>
			<div class='col s2'>
				<div class='card-panel r'>
					Time Taken
					<div class='panel-lead'>263,918ms</div>
				</div>
			</div>
			<div class='col s4'>
				<div class='card-panel dashboard-environment'>
					<span class='right label cyan white-text'>Environment</span><p>&nbsp;</p>
					
					<table>
						<tr>
							<th>Name</th>
							<th>Value</th>
						</tr>
							<tr>
								<td>User Name</td>
								<td>bhart</td>
							</tr>
							<tr>
								<td>Time Zone</td>
								<td>Europe/London</td>
							</tr>
							<tr>
								<td>Machine</td>
								<td>Windows 1064 Bit</td>
							</tr>
							<tr>
								<td>Selenium</td>
								<td>3.141.59</td>
							</tr>
							<tr>
								<td>Maven</td>
								<td>3.5.9</td>
							</tr>
							<tr>
								<td>Java Version</td>
								<td>1.8.0_151</td>
							</tr>
					</table>
				</div>
			</div>
			<div class='col s6'>
				<div class='card-panel dashboard-categories'>
					<span class='right label cyan white-text'>Categories</span><p>&nbsp;</p>
					
					<table>
						<tr>
							<th>Name</th>
							<th>Passed</th>
							<th>Failed</th>
							<th>Others</th>
							<th>Passed %</th>
						</tr>
						<tr>
							<td>@sanity</td>
							<td>3</td>
							<td>1</td>
							<td>0</td>
							<td>
									75%
							</td>
						</tr>
						<tr>
							<td>@regression</td>
							<td>5</td>
							<td>6</td>
							<td>0</td>
							<td>
									45.455%
							</td>
						</tr>
						<tr>
							<td>@smoke</td>
							<td>1</td>
							<td>4</td>
							<td>0</td>
							<td>
									20%
							</td>
						</tr>
						<tr>
							<td>@snaity</td>
							<td>0</td>
							<td>1</td>
							<td>0</td>
							<td>
									0%
							</td>
						</tr>
					</table>
				</div>
			</div>
		</div>
	</div>
</div>
<!-- dashboard view -->
<!-- testrunner-logs view -->
		</div>
		<!-- container -->

		<script>
			var statusGroup = {
				passParent: 1,
				failParent: 4,
				fatalParent: 0,
				errorParent: 0,
				warningParent: 0,
				skipParent: 0,
				exceptionsParent: 4,
				
				passChild: 5,
				failChild: 6,
				fatalChild: 0,
				errorChild: 0,
				warningChild: 0,
				skipChild: 0,
				infoChild: 0,
				exceptionsChild: 6,
				
				passGrandChild: 51,
				failGrandChild: 6,
				fatalGrandChild: 0,
				errorGrandChild: 0,
				warningGrandChild: 0,
				skipGrandChild: 42,
				infoGrandChild: 0,
				exceptionsGrandChild: 48,
			};
		</script>
		
			<script src='https://cdn.rawgit.com/anshooarora/extentreports-java/fca20fb7653aade98810546ab96a2a4360e3e712/dist/js/extent.js' type='text/javascript'></script>
		
		
 		<script type='text/javascript'>
 			
            
        $(document).ready(function() {

        });
      
        
 		</script>
	</body>
	
</html>
